<?xml version="1.0" encoding="UTF-8"?>
<!-- Generated by org.testng.reporters.JUnitXMLReporter -->
<testsuite ignored="0" hostname="SPOSHETT-LAP" failures="0" tests="3" name="Default test" time="0.041" errors="0" timestamp="2022-05-26T12:39:49 IST">
  <testcase classname="myframework.Class1" name="class1method1" time="0.005"/>
  <testcase classname="myframework.Class1" name="class1method2" time="0.001"/>
  <testcase classname="myframework.Class1" name="class1method3" time="0.001"/>
</testsuite> <!-- Default test -->
