<?xml version="1.0" encoding="UTF-8"?>
<!-- Generated by org.testng.reporters.JUnitXMLReporter -->
<testsuite ignored="6" hostname="SPOSHETT-LAP" failures="0" tests="0" time="0.01" errors="0" timestamp="2022-05-26T14:56:06 IST">
  <testcase classname="myframework.Class1" name="class1method1" time="0.0">
    <ignored/>
  </testcase> <!-- class1method1 -->
  <testcase classname="myframework.Class2" name="class2method2" time="0.0">
    <ignored/>
  </testcase> <!-- class2method2 -->
  <testcase classname="myframework.Class2" name="class2method1" time="0.0">
    <ignored/>
  </testcase> <!-- class2method1 -->
  <testcase classname="myframework.Class1" name="class1method2" time="0.0">
    <ignored/>
  </testcase> <!-- class1method2 -->
  <testcase classname="myframework.Class1" name="class1method3" time="0.0">
    <ignored/>
  </testcase> <!-- class1method3 -->
  <testcase classname="myframework.Class2" name="class2method3" time="0.0">
    <ignored/>
  </testcase> <!-- class2method3 -->
</testsuite>
